<?xml version="1.0" encoding="UTF-8"?>
<Site BuildName="Linux-c++"
	BuildStamp="20250826-2055-Experimental"
	Name="calvin-Nitro-AN515-54"
	Generator="ctest-3.22.1"
	CompilerName="/usr/bin/c++"
	CompilerVersion="11.4.0"
	OSName="Linux"
	Hostname="calvin-Nitro-AN515-54"
	OSRelease="6.8.0-58-generic"
	OSVersion="#60~22.04.1-Ubuntu SMP PREEMPT_DYNAMIC Fri Mar 28 16:09:21 UTC 2"
	OSPlatform="x86_64"
	Is64Bits="1"
	VendorString="GenuineIntel"
	VendorID="Intel Corporation"
	FamilyID="6"
	ModelID="158"
	ProcessorCacheSize="8192"
	NumberOfLogicalCPU="8"
	NumberOfPhysicalCPU="4"
	TotalVirtualMemory="2047"
	TotalPhysicalMemory="15834"
	LogicalProcessorsPerPhysical="2"
	ProcessorClockFrequency="3300.07"
	>
	<Testing>
		<StartDateTime>Aug 26 13:55 PDT</StartDateTime>
		<StartTestTime>1756241719</StartTestTime>
		<TestList/>
		<EndDateTime>Aug 26 13:55 PDT</EndDateTime>
		<EndTestTime>1756241719</EndTestTime>
		<ElapsedMinutes>0</ElapsedMinutes>
	</Testing>
</Site>
