<?xml version="1.0" encoding="UTF-8"?>
<Site BuildName="Linux-c++"
	BuildStamp="20240731-0334-Experimental"
	Name="calvin-Nitro-AN515-54"
	Generator="ctest-3.22.1"
	CompilerName="/usr/bin/c++"
	CompilerVersion="11.4.0"
	OSName="Linux"
	Hostname="calvin-Nitro-AN515-54"
	OSRelease="6.5.0-1023-oem"
	OSVersion="#24-Ubuntu SMP PREEMPT_DYNAMIC Tue May  7 14:26:31 UTC 2024"
	OSPlatform="x86_64"
	Is64Bits="1"
	VendorString="GenuineIntel"
	VendorID="Intel Corporation"
	FamilyID="6"
	ModelID="158"
	ProcessorCacheSize="8192"
	NumberOfLogicalCPU="8"
	NumberOfPhysicalCPU="4"
	TotalVirtualMemory="2047"
	TotalPhysicalMemory="15825"
	LogicalProcessorsPerPhysical="2"
	ProcessorClockFrequency="3600.03"
	>
	<Testing>
		<StartDateTime>Jul 31 15:27 PDT</StartDateTime>
		<StartTestTime>1722464872</StartTestTime>
		<TestList/>
		<EndDateTime>Jul 31 15:27 PDT</EndDateTime>
		<EndTestTime>1722464872</EndTestTime>
		<ElapsedMinutes>0</ElapsedMinutes>
	</Testing>
</Site>
