<?xml version="1.0" encoding="UTF-8"?>
<Site BuildName="Linux-c++"
	BuildStamp="20241027-0029-Experimental"
	Name="calvin-Nitro-AN515-54"
	Generator="ctest-3.22.1"
	CompilerName="/usr/bin/c++"
	CompilerVersion="11.4.0"
	OSName="Linux"
	Hostname="calvin-Nitro-AN515-54"
	OSRelease="6.8.0-40-generic"
	OSVersion="#40~22.04.3-Ubuntu SMP PREEMPT_DYNAMIC Tue Jul 30 17:30:19 UTC 2"
	OSPlatform="x86_64"
	Is64Bits="1"
	VendorString="GenuineIntel"
	VendorID="Intel Corporation"
	FamilyID="6"
	ModelID="158"
	ProcessorCacheSize="8192"
	NumberOfLogicalCPU="8"
	NumberOfPhysicalCPU="4"
	TotalVirtualMemory="2047"
	TotalPhysicalMemory="15834"
	LogicalProcessorsPerPhysical="2"
	ProcessorClockFrequency="4000"
	>
	<Testing>
		<StartDateTime>Oct 26 17:29 PDT</StartDateTime>
		<StartTestTime>1729988960</StartTestTime>
		<TestList/>
		<EndDateTime>Oct 26 17:29 PDT</EndDateTime>
		<EndTestTime>1729988960</EndTestTime>
		<ElapsedMinutes>0</ElapsedMinutes>
	</Testing>
</Site>
